<?xml version="1.0" encoding="UTF-8"?>
<!-- Generated by org.testng.reporters.JUnitReportReporter -->
<testsuite hostname="rudraya" failures="0" tests="6" name="Java_pgms.Number_pgms.Data_provider" time="0.012" errors="0" timestamp="2024-06-24T16:54:50 IST" skipped="0">
  <testcase classname="Java_pgms.Number_pgms.Data_provider" name="Demo" time="0.001"/>
  <system-out/>
  <testcase classname="Java_pgms.Number_pgms.Data_provider" name="Demo" time="0.008"/>
  <system-out/>
  <testcase classname="Java_pgms.Number_pgms.Data_provider" name="Demo1" time="0.001"/>
  <system-out/>
  <testcase classname="Java_pgms.Number_pgms.Data_provider" name="Demo1" time="0.000"/>
  <system-out/>
  <testcase classname="Java_pgms.Number_pgms.Data_provider" name="Demo1" time="0.001"/>
  <system-out/>
  <testcase classname="Java_pgms.Number_pgms.Data_provider" name="Demo" time="0.001"/>
  <system-out/>
</testsuite> <!-- Java_pgms.Number_pgms.Data_provider -->
